<?xml version="1.0" encoding="UTF-8"?>
<testng-results skipped="0" failed="0" ignored="0" total="1" passed="1">
  <reporter-output>
  </reporter-output>
  <suite name="Default suite" duration-ms="23950" started-at="2019-03-06T14:17:17Z" finished-at="2019-03-06T14:17:41Z">
    <groups>
    </groups>
    <test name="Default test" duration-ms="23950" started-at="2019-03-06T14:17:17Z" finished-at="2019-03-06T14:17:41Z">
      <class name="aut.practice.testcase.TC_001_Login">
        <test-method status="PASS" signature="beforesuite()[pri:0, instance:aut.practice.testcase.TC_001_Login@4973813a]" name="beforesuite" is-config="true" duration-ms="169" started-at="2019-03-06T14:17:17Z" finished-at="2019-03-06T14:17:17Z">
          <reporter-output>
          </reporter-output>
        </test-method> <!-- beforesuite -->
        <test-method status="PASS" signature="setup()[pri:0, instance:aut.practice.testcase.TC_001_Login@4973813a]" name="setup" is-config="true" duration-ms="2828" started-at="2019-03-06T14:17:17Z" finished-at="2019-03-06T14:17:20Z">
          <reporter-output>
          </reporter-output>
        </test-method> <!-- setup -->
        <test-method status="PASS" signature="Login()[pri:0, instance:aut.practice.testcase.TC_001_Login@4973813a]" name="Login" duration-ms="21095" started-at="2019-03-06T14:17:20Z" finished-at="2019-03-06T14:17:41Z">
          <reporter-output>
          </reporter-output>
        </test-method> <!-- Login -->
        <test-method status="PASS" signature="close()[pri:0, instance:aut.practice.testcase.TC_001_Login@4973813a]" name="close" is-config="true" duration-ms="1" started-at="2019-03-06T14:17:41Z" finished-at="2019-03-06T14:17:41Z">
          <reporter-output>
          </reporter-output>
        </test-method> <!-- close -->
      </class> <!-- aut.practice.testcase.TC_001_Login -->
    </test> <!-- Default test -->
  </suite> <!-- Default suite -->
</testng-results>
