<?xml version="1.0" encoding="UTF-8"?>
<!-- Generated by org.testng.reporters.JUnitXMLReporter -->
<testsuite hostname="DESKTOP-4LL8BSJ" ignored="1" name="Test" tests="2" failures="1" timestamp="06 Mar 2019 14:01:31 GMT" time="40.314" errors="0">
  <testcase name="Login" time="17.438" classname="aut.practice.testcase.TC_001_Login"/>
  <testcase name="invalid_login" time="12.764" classname="aut.practice.testcase.TC_002_invalid_login">
    <failure type="java.lang.NullPointerException">
      <![CDATA[java.lang.NullPointerException
at aut.practice.testcase.TC_002_invalid_login.invalid_login(TC_002_invalid_login.java:23)
... Removed 25 stack frames]]>
    </failure>
  </testcase> <!-- invalid_login -->
  <testcase name="@BeforeSuite beforesuite" time="0.0" classname="aut.practice.testcase.BaseClass">
    <ignored/>
  </testcase> <!-- @BeforeSuite beforesuite -->
</testsuite> <!-- Test -->
